{"total": {"lines":{"total":557,"covered":439,"skipped":0,"pct":78.81},"statements":{"total":557,"covered":439,"skipped":0,"pct":78.81},"functions":{"total":126,"covered":99,"skipped":0,"pct":78.57},"branches":{"total":246,"covered":176,"skipped":0,"pct":71.54}}
,"/home/huijie/eezee_sourcing_tool/eezee-internal-sourcing-tool-server/prisma/seedCategory.ts": {"lines":{"total":1,"covered":1,"skipped":0,"pct":100},"functions":{"total":0,"covered":0,"skipped":0,"pct":100},"statements":{"total":1,"covered":1,"skipped":0,"pct":100},"branches":{"total":0,"covered":0,"skipped":0,"pct":100}}
,"/home/huijie/eezee_sourcing_tool/eezee-internal-sourcing-tool-server/src/db.ts": {"lines":{"total":5,"covered":4,"skipped":0,"pct":80},"functions":{"total":2,"covered":1,"skipped":0,"pct":50},"statements":{"total":5,"covered":4,"skipped":0,"pct":80},"branches":{"total":0,"covered":0,"skipped":0,"pct":100}}
,"/home/huijie/eezee_sourcing_tool/eezee-internal-sourcing-tool-server/src/services/category-main.ts": {"lines":{"total":28,"covered":12,"skipped":0,"pct":42.85},"functions":{"total":8,"covered":3,"skipped":0,"pct":37.5},"statements":{"total":28,"covered":12,"skipped":0,"pct":42.85},"branches":{"total":4,"covered":1,"skipped":0,"pct":25}}
,"/home/huijie/eezee_sourcing_tool/eezee-internal-sourcing-tool-server/src/services/category-sub.ts": {"lines":{"total":60,"covered":17,"skipped":0,"pct":28.33},"functions":{"total":18,"covered":8,"skipped":0,"pct":44.44},"statements":{"total":60,"covered":17,"skipped":0,"pct":28.33},"branches":{"total":19,"covered":3,"skipped":0,"pct":15.78}}
,"/home/huijie/eezee_sourcing_tool/eezee-internal-sourcing-tool-server/src/services/event-log.ts": {"lines":{"total":8,"covered":2,"skipped":0,"pct":25},"functions":{"total":4,"covered":1,"skipped":0,"pct":25},"statements":{"total":8,"covered":2,"skipped":0,"pct":25},"branches":{"total":0,"covered":0,"skipped":0,"pct":100}}
,"/home/huijie/eezee_sourcing_tool/eezee-internal-sourcing-tool-server/src/services/index.ts": {"lines":{"total":8,"covered":8,"skipped":0,"pct":100},"functions":{"total":1,"covered":1,"skipped":0,"pct":100},"statements":{"total":8,"covered":8,"skipped":0,"pct":100},"branches":{"total":4,"covered":2,"skipped":0,"pct":50}}
,"/home/huijie/eezee_sourcing_tool/eezee-internal-sourcing-tool-server/src/services/seller-branch-location.ts": {"lines":{"total":57,"covered":51,"skipped":0,"pct":89.47},"functions":{"total":12,"covered":12,"skipped":0,"pct":100},"statements":{"total":57,"covered":51,"skipped":0,"pct":89.47},"branches":{"total":23,"covered":14,"skipped":0,"pct":60.86}}
,"/home/huijie/eezee_sourcing_tool/eezee-internal-sourcing-tool-server/src/services/seller-contact.ts": {"lines":{"total":83,"covered":77,"skipped":0,"pct":92.77},"functions":{"total":14,"covered":14,"skipped":0,"pct":100},"statements":{"total":83,"covered":77,"skipped":0,"pct":92.77},"branches":{"total":50,"covered":43,"skipped":0,"pct":86}}
,"/home/huijie/eezee_sourcing_tool/eezee-internal-sourcing-tool-server/src/services/seller-item-in-categories.ts": {"lines":{"total":41,"covered":39,"skipped":0,"pct":95.12},"functions":{"total":13,"covered":13,"skipped":0,"pct":100},"statements":{"total":41,"covered":39,"skipped":0,"pct":95.12},"branches":{"total":12,"covered":8,"skipped":0,"pct":66.66}}
,"/home/huijie/eezee_sourcing_tool/eezee-internal-sourcing-tool-server/src/services/seller-item.ts": {"lines":{"total":124,"covered":89,"skipped":0,"pct":71.77},"functions":{"total":25,"covered":18,"skipped":0,"pct":72},"statements":{"total":124,"covered":89,"skipped":0,"pct":71.77},"branches":{"total":74,"covered":53,"skipped":0,"pct":71.62}}
,"/home/huijie/eezee_sourcing_tool/eezee-internal-sourcing-tool-server/src/services/seller-organisation.ts": {"lines":{"total":101,"covered":99,"skipped":0,"pct":98.01},"functions":{"total":20,"covered":20,"skipped":0,"pct":100},"statements":{"total":101,"covered":99,"skipped":0,"pct":98.01},"branches":{"total":58,"covered":50,"skipped":0,"pct":86.2}}
,"/home/huijie/eezee_sourcing_tool/eezee-internal-sourcing-tool-server/src/services/seller-payment-term.ts": {"lines":{"total":13,"covered":13,"skipped":0,"pct":100},"functions":{"total":5,"covered":5,"skipped":0,"pct":100},"statements":{"total":13,"covered":13,"skipped":0,"pct":100},"branches":{"total":2,"covered":2,"skipped":0,"pct":100}}
,"/home/huijie/eezee_sourcing_tool/eezee-internal-sourcing-tool-server/src/utils/error.ts": {"lines":{"total":3,"covered":3,"skipped":0,"pct":100},"functions":{"total":1,"covered":1,"skipped":0,"pct":100},"statements":{"total":3,"covered":3,"skipped":0,"pct":100},"branches":{"total":0,"covered":0,"skipped":0,"pct":100}}
,"/home/huijie/eezee_sourcing_tool/eezee-internal-sourcing-tool-server/src/utils/number.ts": {"lines":{"total":4,"covered":3,"skipped":0,"pct":75},"functions":{"total":2,"covered":1,"skipped":0,"pct":50},"statements":{"total":4,"covered":3,"skipped":0,"pct":75},"branches":{"total":0,"covered":0,"skipped":0,"pct":100}}
,"/home/huijie/eezee_sourcing_tool/eezee-internal-sourcing-tool-server/src/utils/string.ts": {"lines":{"total":2,"covered":2,"skipped":0,"pct":100},"functions":{"total":1,"covered":1,"skipped":0,"pct":100},"statements":{"total":2,"covered":2,"skipped":0,"pct":100},"branches":{"total":0,"covered":0,"skipped":0,"pct":100}}
,"/home/huijie/eezee_sourcing_tool/eezee-internal-sourcing-tool-server/test/unit/seller-item-testdata.ts": {"lines":{"total":5,"covered":5,"skipped":0,"pct":100},"functions":{"total":0,"covered":0,"skipped":0,"pct":100},"statements":{"total":5,"covered":5,"skipped":0,"pct":100},"branches":{"total":0,"covered":0,"skipped":0,"pct":100}}
,"/home/huijie/eezee_sourcing_tool/eezee-internal-sourcing-tool-server/test/unit/seller-testdata.ts": {"lines":{"total":14,"covered":14,"skipped":0,"pct":100},"functions":{"total":0,"covered":0,"skipped":0,"pct":100},"statements":{"total":14,"covered":14,"skipped":0,"pct":100},"branches":{"total":0,"covered":0,"skipped":0,"pct":100}}
}
